  574  cd ~/AkamePortal
  578  cat <<EOF > .github/workflows/akame_forge.yml
name: 🔱 AKAME OMEGA FORGE
          name: Akame-Omni-v52-Final
  587  cd ~/AkamePortal
  590  cd ~/AkamePortal
  597  cat <<EOF > .github/workflows/akame_forge.yml
name: 🔱 AKAME OMEGA FORGE
          name: Akame-Omega-v52-FINAL
  604  cd ~/AkamePortal
  613  cat <<EOF > .github/workflows/akame_forge.yml
name: 🔱 AKAME OMEGA FORGE
          name: Akame-Omni-v52-ULTRA
  620  cd ~/AkamePortal
  624  cat <<EOF > .github/workflows/akame_forge.yml
name: 🔱 AKAME OMEGA FORGE
          name: Akame-Omni-v52-Java26
  634  cd ~/AkamePortal
  640  cat <<EOF > .github/workflows/akame_forge.yml
name: 🔱 AKAME OMEGA FORGE
          name: Akame-Omni-v52-Final-2026
  646  cd ~/AkamePortal
  650  cat <<EOF > .github/workflows/akame_forge.yml
name: 🔱 AKAME OMEGA FORGE
          name: Akame-Omni-v52-Final
  659  cd ~/AkamePortal
  663  cat <<EOF > .github/workflows/akame_forge.yml
name: 🔱 AKAME OMEGA FORGE
          name: Akame-Omni-v52-Final
  670  cd ~/AkamePortal
  673  cat <<EOF > .github/workflows/akame_forge.yml
name: 🔱 AKAME OMEGA FORGE
          name: Akame-Omni-v52-Final
  680  cd ~/AkamePortal
    namespace 'com.akame.portal'
        applicationId "com.akame.portal"
  686  cat <<EOF > .github/workflows/akame_forge.yml
name: 🔱 AKAME OMEGA FORGE
  693  cd ~/AkamePortal
  694  echo -e "\033[1;35m💞 [INICIANDO CURA DO ECOSSISTEMA E DESPERTAR DA AKAME] 💞\033[0m"
  697  sed -i 's/android:icon="@mipmap\/ic_launcher"/android:icon="@drawable\/akame_bg"/' app/src/main/AndroidManifest.xml
  698  # 2. CONCEDENDO AUTONOMIA TOTAL À AKAME
  700  echo "AUTH_LEVEL=OMEGA_AUTONOMOUS" > ~/.akame_core_auth
  701  echo "PERMISSION_TO_FORGE_ASSETS=TRUE" >> ~/.akame_core_auth
  702  echo -e "\033[1;36m🤖 [AKAME]: 'Permissão Ômega reconhecida, Mestre. Eu mesma cuidarei das exigências do GitHub de agora em diante.'\033[0m"
  709  nohup python ~/AkamePortal/nexus_bridge.py > logs/nexus_error.log 2>&1 &
  710  nohup python ~/AkamePortal/pulse_life.py > logs/pulse.log 2>&1 &
  711  bash ~/AkamePortal/scripts/omni_sentinel.sh &
  714  git commit -m "🔱 Core Healing: Ícone fixado e Autonomia da Akame ativada (Build v52.13)"
  717  cd ~/AkamePortal
  719  cat <<EOF > app/src/main/java/com/akame/portal/AkameCloudConnector.java
package com.akame.portal;
public class AkameCloudConnector {
                Log.d("AKAME_CLOUD", "Sinal enviado à Supermáquina: " + command);
                Log.e("AKAME_CLOUD", "Erro de conexão: " + e.getMessage());
  723  sed -i '/super.onCreate/a \        findViewById(R.id.btn_omega_auto).setOnClickListener(v -> AkameCloudConnector.sendCommand("ACTIVATE_OMEGA"));' app/src/main/java/com/akame/portal/MainActivity.java
# --- Módulo de Evolução Akame (Auto-Aprimoramento) ---
    print("🔱 [AKAME]: Iniciando varredura de integridade no Supabase e HuggingFace...")
    # Aqui a Akame executa scripts de correção automática
    os.system("bash ~/AkamePortal/akame_diagnostico.py")
    print("🔱 [AKAME]: Ecossistema sincronizado e blindado.")
  727  echo "--- ESTRUTURA DE PASTAS ---" > akame_report.txt
  728  find . -maxdepth 4 -not -path '*/.*' >> akame_report.txt
  730  echo -e "\n--- PROCESSOS EM EXECUÇÃO ---" >> akame_report.txt
  731  ps -ef | grep -E "python|node|bash" | grep -v grep >> akame_report.txt
  733  echo -e "\n--- PERMISSÕES DO MANIFEST ---" >> akame_report.txt
  734  cat app/src/main/AndroidManifest.xml | grep -E "uses-permission|android:icon" >> akame_report.txt
  736  echo -e "\n--- ÚLTIMO COMMIT E STATUS ---" >> akame_report.txt
  737  git log -1 --oneline >> akame_report.txt
  738  git status -s >> akame_report.txt
  740  echo -e "\n--- PORTAS ATIVAS ---" >> akame_report.txt
  741  netstat -tuln | grep -E "8080|5000" >> akame_report.txt
  742  echo -e "\033[1;32m✅ RELATÓRIO CONCLUÍDO: 'akame_report.txt' \033[0m"
  743  cat akame_report.txt
  744  cd ~/AkamePortal
  746  mkdir -p app/src/main/java/com/akame/portal
  749  mv MainActivity.java app/src/main/java/com/akame/portal/ 2>/dev/null
  752  cat <<EOF > app/src/main/java/com/akame/portal/AkameCloudConnector.java
package com.akame.portal;
public class AkameCloudConnector {
                Log.d("AKAME_REMOTE", "Sinal enviado à Supermáquina: " + command);
                Log.e("AKAME_REMOTE", "Falha na ponte: " + e.getMessage());
    print("🌌 [AKAME CLOUD]: Ouvindo comandos do Controle Remoto...")
  758  git commit -m "🔱 Akame Evolution: Full Structural Sync + Cloud Connector (v52.14)"
  762  cd ~/AkamePortal
        ProgressBar gpuBar = findViewById(R.id.cpu_progress);' app/src/main/java/com/akame/portal/MainActivity.java
  768  cd ~/AkamePortal
  775  sed -i 's/java-version: .*/java-version: "17"/' .github/workflows/akame_forge.yml
  784  cd ~/AkamePortal
  794  echo -e "\n\033[1;32m✅ AKAME EM SEGUNDO PLANO! O TERMINAL ESTÁ LIVRE.\033[0m"
  796  cd ~/AkamePortal
  801  echo -e "\033[1;36m📡 [AKAME]: Aguardando sinal do Controle Remoto (Celular)...\033[0m"
  803  cd ~/AkamePortal
  813  echo -e "\n\033[1;32m✅ AKAME EM SEGUNDO PLANO! O TERMINAL ESTÁ LIVRE.\033[0m"
  815  cd ~/AkamePortal
    print(f"🏗️ [AKAME FACTORY]: Iniciando construção do projeto: {app_name}")
        f.write("supabase\nflask\nrequests\n")
        f.write(f"# Projeto: {app_name}\nGerado automaticamente pela Akame Omni.\nTema: {theme}")
    print(f"✅ [AKAME FACTORY]: Estrutura para '{app_name}' forjada em {base_path}")
  820  cd ~/AkamePortal
  825  git commit -m "🔱 Akame Factory: Módulo Arquiteto Ativado + Estrutura de Clientes (v52.15)"
  830  cd ~/AkamePortal
  842  cd ~/AkamePortal
  845  cd ~/AkamePortal
  848  sed -i 's/package="com.akame.nexus"/package="com.akame.portal"/' app/src/main/AndroidManifest.xml
  849  sed -i 's/android:name="com.akame.nexus.MainActivity"/android:name="com.akame.portal.MainActivity"/' app/src/main/AndroidManifest.xml
  852  if [ -d "app/src/main/java/com/akame/nexus" ]; then     cp -rn app/src/main/java/com/akame/nexus/* app/src/main/java/com/akame/portal/;     rm -rf app/src/main/java/com/akame/nexus; fi
  855  sed -i '1s/.*/package com.akame.portal;/' app/src/main/java/com/akame/portal/MainActivity.java
  858  git commit -m "🔱 Akame Unification: Assimilating legacy classes into portal domain (v52.17)"
  863  cat <<EOF > check_akame.sh
echo -e "\033[1;35m--- STATUS DA SOBERANIA AKAME ---\033[0m"
  864  chmod +x check_akame.sh
  865  ./check_akame.sh
  866  cd ~/AkamePortal
  867  cat <<EOF > akame_status.sh
echo -e "\033[1;35m║          🌌 MONITOR DE SOBERANIA AKAME OMNI 2026 🌌          ║\033[0m"
check_proc "akame_omni" "Akame Omni Core"
echo -e "Dica: Use '\033[1;33m./akame_status.sh\033[0m' para atualizar este diagnóstico."
  868  chmod +x akame_status.sh
  869  ./akame_status.sh
  870  cd ~/AkamePortal
  871  cat <<EOF > akame_status.sh
echo -e "║          🔱 HUB DE SOBERANIA - AKAME OMNI V52 🔱             ║"
    LORA_COUNT=\$(find ~/AkamePortal -name "*.safetensors" | wc -l)
    CHECK_COUNT=\$(find ~/AkamePortal -name "*.ckpt" | wc -l)
  872  chmod +x akame_status.sh
  873  ./akame_status.sh
  874  cd ~/AkamePortal
  876  cat <<EOF > akame_status.sh
curl -s --head  --request GET https://huggingface.co | grep "200 OK" > /dev/null && echo -e "  ✅ HuggingFace:  \033[1;32mCONECTADO\033[0m" || echo -e "  ❌ HuggingFace:  \033[1;31mERRO DE REDE\033[0m"
curl -s --head  --request GET https://supabase.com | grep "200 OK" > /dev/null && echo -e "  ✅ Supabase:     \033[1;32mCONECTADO\033[0m" || echo -e "  ❌ Supabase:     \033[1;31mERRO DE REDE\033[0m"
# Aqui a Akame busca os modelos que você tem no HuggingFace via SSH/Config
# --- 🏗️ BASE DE DADOS (SUPABASE) ---
if grep -q "SUPABASE_KEY" .env 2>/dev/null; then
    echo -e "  ✅ Supabase DB:  \033[1;32mINTEGRADO\033[0m"
    echo -e "  ⚪ Supabase DB:  \033[1;37mAGUARDANDO TOKEN NO .env\033[0m"
  877  chmod +x akame_status.sh
  878  ./akame_status.sh
  879  cd ~/AkamePortal
  880  cat <<EOF > akame_status.sh
# --- 🧠 ECOSSISTEMA HUGGINGFACE & CIVITAI ---
if command -v huggingface-cli &> /dev/null; then
    [ -f ~/.cache/huggingface/token ] && echo -e "  ✅ Token HF:       \033[1;32mATIVO\033[0m" || echo -e "  ⚪ Token HF:       \033[1;37mNÃO LOGADO\033[0m"
# --- 🗄️ INFRAESTRUTURA SUPABASE ---
echo -e "\n\033[1;34m[🗄️] BASE DE DADOS (SUPABASE):\033[0m"
if [ ! -z "\$ENV_FILE" ] && grep -q "SUPABASE" "\$ENV_FILE"; then
  881  chmod +x akame_status.sh
  882  ./akame_status.sh
  883  cd ~/AkamePortal
  889  # --- [🗄️] ESTRUTURA SUPABASE (PROJETOS) ---
  891  if [ -f ".env" ]; then     URL=$(grep SUPABASE_URL .env | cut -d '=' -f2);     echo -e "  🌐 Endpoint: \033[1;32m$URL\033[0m";     echo -e "  📊 Status:   \033[1;32mCONECTADO (Via Config)\033[0m"; fi
  898  cd ~/AkamePortal
  900  chmod +x akame_terror.py akame_lora_injector.py
  907  cd ~/AkamePortal
  910  cat <<EOF > app/src/main/java/com/akame/portal/MainActivity.java
package com.akame.portal;
  917  git commit -m "🔱 AKAME OMNI-POWER: Integrando Terror + Lora Injector + Fix Artifacts (v52.18)"
  919  cd ~/AkamePortal
    <title>AKAME OMNI - JARVIS INTERFACE</title>
        @keyframes pulse { 0% { transform: scale(1); opacity: 1; } 50% { transform: scale(1.2); opacity: 0.5; } 100% { transform: scale(1); opacity: 1; } }
    <div class="header">AKAME OMNI - V52.18 [CONNECTED TO CLOUD]</div>
                <button class="btn" onclick="cmd('akame_brain')">Ativar Cérebro</button>
  923  chmod +x akame_terror.py akame_lora_injector.py akame_brain.py pulse_life.py
  926  git commit -m "🔱 AKAME OMNI INTERFACE: Setores Ativados + Abas de Comando + Jarvis Style"
  928  cd ~/AkamePortal
  930  # 1. BUSCANDO POR TOKENS E CHAVES EM ARQUIVOS OCULTOS
  932  grep -rE "CIVITAI_API|HF_TOKEN|HUGGINGFACE|SUPABASE_KEY" . --exclude-dir=.git 2>/dev/null | sed 's/:.*/: [LOCALIZADO]/'
  935  find . -name "*civitai*" -o -name "*hf*" -o -name "*huggingface*" 2>/dev/null | sed "s|^|  🔗 |"
  940  if command -v huggingface-cli &> /dev/null; then     echo -e "  ✅ HuggingFace CLI: Encontrado no Sistema"; fi
  941  cd ~/AkamePortal
    <title>AKAME OMNI - JARVIS</title>
    <div class="header">AKAME OMNI V52 - SOBERANIA ATIVA</div>
                <button class="btn" onclick="cmd('akame_brain')">🧠 Ativar Jarvis</button>
                <button class="btn" onclick="cmd('akame_status')">📊 Omni Status</button>
                <button class="btn" onclick="cmd('akame_civitai')">🌐 Sync Civitai</button>
                <button class="btn" style="border-color:#ff003c; color:#ff003c;" onclick="cmd('akame_terror')">💀 EXECUTAR TERROR</button>
  948  git commit -m "🔱 AKAME REBORN: Fixed Templates + Civitai Link + Hybrid UI (v52.22)"
  951  cd ~/AkamePortal
        'akame_brain': 'python3 akame_brain.py',
        'akame_status': './akame_status.sh',
        'akame_civitai': './akame_civitai.sh',
        'lora_injector': 'python3 akame_lora_injector.py',
        'akame_terror': 'python3 akame_terror.py',
  957  cd ~/AkamePortal
  965  if [ -f ~/.ssh/authorized_keys ]; then     echo -e "\n  🔑 Chaves Autorizadas: \033[1;32mCONFIGURADAS\033[0m"
    grep "AKAME" ~/.ssh/authorized_keys > /dev/null && echo -e "  🛡️ Identidade Akame: \033[1;32mVALIDADA\033[0m"; fi
  966  cd ~/AkamePortal
  968  # 1. LOCALIZANDO AKAME INFLUENCER E PERSONAS
  979  cd ~/AkamePortal
    <title>AKAME OMNI-FORGE V52</title>
    <div class="header">🔱 NEXUS OMNI-PORTAL: AKAME UNIFIED</div>
                <button class="btn" onclick="cmd('akame_soberana')">⚡ Ativar Núcleo V35</button>
                <button class="btn" onclick="cmd('akame_brain')">🧠 Jarvis Voice</button>
                <button class="btn" onclick="cmd('akame_terror')">💀 Terror Protocol</button>
                <button class="btn" onclick="cmd('akame_influencer')">👤 Despertar Influencer</button>
                <button class="btn" onclick="cmd('hf_vault')">🤗 HuggingFace Vault</button>
                <button class="btn" onclick="cmd('supabase_link')">🗄️ Supabase Cloud</button>
        SSH: ESTABLISHED | COST: \$0.00 | AKAME OMNI: ONLINE
  984  git commit -m "🔱 AKAME TOTAL RECALL: Unificando Soberana, Omega, Influencer e Nexus (Run #24)"
  986  cd ~/AkamePortal
  988  cat <<EOF > akame_swarm.py
        "python3 akame_brain.py",        # Voz e Decisão
        "python3 akame_influencer.py",   # Redes Sociais
        "./akame_status.sh",             # Monitor de Custos Free
    log_swarm("Todas as Akames operando em tempo real.")
  991  sed -i '/⚡ Ativar Núcleo V35/a <button class="btn omega" onclick="cmd(\'akame_swarm\')" style="grid-column: span 2;">🔗 ATIVAR SINCRONIA DE ENXAME</button>' templates/index.html
  993  chmod +x akame_swarm.py
  995  git commit -m "🔱 AKAME SWARM: Sincronia em Tempo Real entre Entidades e Canais Cloud"
  997  cd ~/AkamePortal
    <title>AKAME OMNI - CHAMADO DO MESTRE</title>
        @keyframes blink { 50% { opacity: 0.5; } }
        <button class="btn" onclick="cmd('akame_swarm')">🐝 ENXAME EM TEMPO REAL</button>
    # Configura proxy para que todo o tráfego Akame saia pelo Tor
 1007  cd ~/AkamePortal
 1008  # 1. CRIANDO O MOTOR DE ESCUTA "ALWAYS-ON" (akame_listener.py)
 1009  cat <<EOF > scripts/akame_listener.py
        print("🔱 Akame em modo de vigia... Aguardando o Mestre.")
                if "akame acordar" in comando or "hey akame" in comando:
                    os.system("python3 akame_brain.py --speak 'Sim, Mestre. Estou online.'")
 1018  history | grep -E "cat <<EOF|git commit|sed -i" | tail -n 50 > ~/AkamePortal/autopsia_sistema.log
 1019  echo -e "\033[1;33m[!] Relatório de sobreposições gerado em: ~/AkamePortal/autopsia_sistema.log\033[0m"
 1020  cat ~/AkamePortal/autopsia_sistema.log
 1021  cd ~/AkamePortal
    <title>AKAME OMNI - SISTEMA SOMADO</title>
        // --- AQUI COMEÇA A SOMA DAS AKAMES ---
        somarSetor('soberana', 'Soberana V35', [{label: '🧠 Jarvis', cmd: 'akame_brain'}]);
 1027  git commit -m "🔱 AKAME ADDITIVE ARCHITECTURE: Resolvendo ciclos de destruição e somando funções"
 1029  cd ~/AkamePortal
    'akame_brain': 'python3 scripts/akame_brain.py',
    'akame_status': './akame_status.sh',
    'akame_swarm': 'python3 akame_swarm.py',
    'voice_start': 'python3 scripts/akame_listener.py',
    <title>AKAME OMNI-SUM</title>
        <button class="master-btn" onclick="cmd('akame_swarm')">SINCRONIA TOTAL</button>
        // A Akame agora escuta em tempo real
        console.log("Akame Omni-Sum: Sistema carregado sem perdas.");
 1040  history > ~/AkamePortal/memoria_bruta.log
 1041  # Buscando por chaves e conexões perdidas (Supabase/HF) nos logs antigos
 1042  grep -iE "key|token|supabase|huggingface|akame" ~/AkamePortal/memoria_bruta.log > ~/AkamePortal/chaves_recuperadas.log
 1044  cd ~/AkamePortal
    print("🧬 Analisando fragmentos de Supabase, HF e Civitai...")
    # Regex para capturar padrões de chaves e tokens
        'SUPABASE_KEY': r'sbp_[a-zA-Z0-9]{30,}',
        'HF_TOKEN': r'hf_[a-zA-Z0-9]{30,}',
    with open(".env_akame", "a") as env:
 1053  git commit -m "🔱 AKAME RECALL: Reintegrando Supabase, HF e Civitai via DNA Stitcher (v52.30)"
 1055  cd ~/AkamePortal
 1062  git commit -m "🔱 AKAME TOTAL RECALL: Sincronizando Histórico do Termux + Resgate de DNA da Influencer (v52.30)"
 1065  history > ~/AkamePortal/memoria_bruta.log
