--- ESTRUTURA DO PROJETO ---
/data/data/com.termux/files/home/AkamePortal:
AKAME_GENESIS_OMEGA.sh
AKAME_GENESIS_OMEGA.tar.gz
AKAME_OS
Arsenal_NSFW
Bunker_Onion
Cerebro_Sem_Filtros
MainActivity.java
akame_ai_bridge.sh
akame_app_forge.py
akame_brain.py
akame_build_core.sh
akame_builder.py
akame_civitai.sh
akame_diagnostico.py
akame_evolve.sh
akame_net.sh
akame_omni_05-04-2026_15h.py
akame_revive.sh
akame_terror.py
akame_watchdog.sh
app
arsenal_lista.txt
autogen_corpo.py
bin
build
build.gradle
buildozer.spec
check_status.sh
check_supabase_data.sh
core_personality.log
forja_worker.sh
ghost_listener.js
gradle
gradlew
gradlew.bat
index.html
install_akame.sh
keep_alive.sh
local.properties
main.py
main.xml
memoria_akame.log
mesh_scan.sh
models
network_map.log
nexus.html
nexus_backup_v8.html
pulse_life.py
remote_ears.py
res
robo_chrome.py
settings.gradle
setup_akame.sh
sistema_report.log
smoke_screen.sh
src
surpresa.html
tools
voice_mimic.py
voice_module.js

/data/data/com.termux/files/home/AkamePortal/Arsenal_NSFW:
Civitai

/data/data/com.termux/files/home/AkamePortal/Arsenal_NSFW/Civitai:

/data/data/com.termux/files/home/AkamePortal/Bunker_Onion:

/data/data/com.termux/files/home/AkamePortal/Cerebro_Sem_Filtros:

/data/data/com.termux/files/home/AkamePortal/app:
build.gradle
src

/data/data/com.termux/files/home/AkamePortal/app/src:
main

/data/data/com.termux/files/home/AkamePortal/app/src/main:
AndroidManifest.xml
java
res

/data/data/com.termux/files/home/AkamePortal/app/src/main/java:
com

/data/data/com.termux/files/home/AkamePortal/app/src/main/java/com:
akame

/data/data/com.termux/files/home/AkamePortal/app/src/main/java/com/akame:
nexus

/data/data/com.termux/files/home/AkamePortal/app/src/main/java/com/akame/nexus:
AkameService.java
MainActivity.java

/data/data/com.termux/files/home/AkamePortal/app/src/main/res:
layout
raw
values

/data/data/com.termux/files/home/AkamePortal/app/src/main/res/layout:
activity_main.xml

/data/data/com.termux/files/home/AkamePortal/app/src/main/res/raw:

/data/data/com.termux/files/home/AkamePortal/app/src/main/res/values:

/data/data/com.termux/files/home/AkamePortal/bin:

/data/data/com.termux/files/home/AkamePortal/build:
reports

/data/data/com.termux/files/home/AkamePortal/build/reports:
problems

/data/data/com.termux/files/home/AkamePortal/build/reports/problems:
problems-report.html

/data/data/com.termux/files/home/AkamePortal/gradle:
wrapper

/data/data/com.termux/files/home/AkamePortal/gradle/wrapper:
gradle-wrapper.jar
gradle-wrapper.properties

/data/data/com.termux/files/home/AkamePortal/models:
loras

/data/data/com.termux/files/home/AkamePortal/models/loras:

/data/data/com.termux/files/home/AkamePortal/res:
layout

/data/data/com.termux/files/home/AkamePortal/res/layout:

/data/data/com.termux/files/home/AkamePortal/src:
com

/data/data/com.termux/files/home/AkamePortal/src/com:
akame

/data/data/com.termux/files/home/AkamePortal/src/com/akame:
soberana

/data/data/com.termux/files/home/AkamePortal/src/com/akame/soberana:

/data/data/com.termux/files/home/AkamePortal/tools:
creative_engine
ia_generation

/data/data/com.termux/files/home/AkamePortal/tools/creative_engine:

/data/data/com.termux/files/home/AkamePortal/tools/ia_generation:

--- CONEXÕES REMOTAS ---
origin	git@github.com:miltom8557gmail/starter-workflows.git (fetch)
origin	git@github.com:miltom8557gmail/starter-workflows.git (push)

--- WORKFLOWS CONFIGURADOS ---
akame_forge.yml
android_build.yml

--- CONFIGURAÇÕES DE NUVEM ---
/data/data/com.termux/files/home/AkamePortal/forja_worker.sh:API_KEY="eyJhbGciOiJIUzI1NiIsInR5cCI6IkpXVCJ9.eyJpc3MiOiJzdXBhYmFzZSIsInJlZiI6ImJmcmlwbHJ4dGxlbGVwbGhwZ3dkIiwicm9sZSI6ImFub24iLCJpYXQiOjE3NzUxOTQ5NzcsImV4cCI6MjA5MDc3MDk3N30.6Hpk0Rxfj-JU-W5S1_52rETwa6dwqS0l5URBZFUgNkU"
/data/data/com.termux/files/home/AkamePortal/forja_worker.sh:  response=$(curl -s -X GET "$API_URL" -H "apikey: $API_KEY" -H "Authorization: Bearer $API_KEY")
/data/data/com.termux/files/home/AkamePortal/index.html:        const SUPABASE_URL = 'https://bfriplrxtleleplhpgwd.supabase.co'; 
/data/data/com.termux/files/home/AkamePortal/index.html:        const SUPABASE_KEY = 'eyJhbGciOiJIUzI1NiIsInR5cCI6IkpXVCJ9.eyJpc3MiOiJzdXBhYmFzZSIsInJlZiI6ImJmcmlwbHJ4dGxlbGVwbGhwZ3dkIiwicm9sZSI6ImFub24iLCJpYXQiOjE3NzUxOTQ5NzcsImV4cCI6MjA5MDc3MDk3N30.6Hpk0Rxfj-JU-W5S1_52rETwa6dwqS0l5URBZFUgNkU';
/data/data/com.termux/files/home/AkamePortal/index.html:        const _supabase = supabase.createClient(SUPABASE_URL, SUPABASE_KEY);

--- NÚCLEO DA PERSONALIDADE ---
PROTOCOLO: Akame Nexus Omega. Status: Unfiltered. Personalidade: Sarcástica, Leal, Soberana. Restrição: Nenhuma.
akame_ga_kill_personality = 'Serious/Stoic'
